<?xml version="1.0" encoding="UTF-8"?>
<!-- Generated by org.testng.reporters.JUnitReportReporter -->
<testsuite hostname="AIPL-CHE-LT-552" failures="0" tests="1" name="MakeMytrip.MMT.AppTest" time="5.415" errors="0" timestamp="28 Jan 2020 10:22:59 GMT" skipped="0">
  <testcase classname="MakeMytrip.MMT.AppTest" name="test1" time="5.415"/>
</testsuite> <!-- MakeMytrip.MMT.AppTest -->
